# Filing System Implementation Log

**Date**: 2025-08-23
**Status**: COMPLETE

## Actions Performed

1. ✅ Created directory structure
2. ✅ Moved system control documents to /00-system/
3. ✅ Secured design specifications in /01-design-specs/
4. ✅ Set up tracking system in /02-tracking/
5. ✅ Created working document templates in /03-working/
6. ✅ Established reference documents in /04-reference/
7. ✅ Generated checksums for immutable documents

## Directory Structure

```
docs/
├── 00-system/          [System Control]
├── 01-design-specs/    [Immutable Specs]
├── 02-tracking/        [Progress Tracking]
├── 03-working/         [Active Development]
└── 04-reference/       [Quick References]
```

## Next Steps

1. AI Agents should start with /00-system/REFERENCE-INDEX.md
2. Review /00-system/AI-AGENT-INSTRUCTIONS.md before development
3. Validate integrity using /00-system/DATA-INTEGRITY-RULES.md
4. Begin implementation following module dependency graph

## Validation

Run the following to verify setup:
```bash
ls -la docs/00-system/
ls -la docs/01-design-specs/
ls -la docs/02-tracking/
```
